<?xml version="1.0" encoding="utf-8"?><testsuites name="pytest tests"><testsuite name="pytest" errors="0" failures="0" skipped="0" tests="23" time="3.877" timestamp="2026-09-02T09:14:07.499216+00:00" hostname="agent-env-6a9daf60-5696-4da1-aa02-997be2bd2da8"><testcase classname="tests.backend_test.TestCRUD" name="test_create_requires_auth" time="0.305" /><testcase classname="tests.backend_test.TestCourses" name="test_list_all" time="0.313" /><testcase classname="tests.backend_test.TestCourses" name="test_filter_state" time="0.334" /><testcase classname="tests.backend_test.TestCRUD" name="test_create_course" time="0.736" /><testcase classname="tests.backend_test.TestCourses" name="test_filter_city_state" time="0.195" /><testcase classname="tests.backend_test.TestCourses" name="test_featured" time="0.121" /><testcase classname="tests.backend_test.TestCourses" name="test_sort_top_limit" time="0.143" /><testcase classname="tests.backend_test.TestCRUD" name="test_create_invalid_state" time="0.111" /><testcase classname="tests.backend_test.TestCourses" name="test_search_q" time="0.123" /><testcase classname="tests.backend_test.TestCRUD" name="test_update_course" time="0.277" /><testcase classname="tests.backend_test.TestCourses" name="test_get_course_by_id" time="0.253" /><testcase classname="tests.backend_test.TestCRUD" name="test_update_requires_auth" time="0.107" /><testcase classname="tests.backend_test.TestCourses" name="test_get_course_404" time="0.115" /><testcase classname="tests.backend_test.TestCRUD" name="test_delete_requires_auth" time="0.134" /><testcase classname="tests.backend_test.TestAuth" name="test_login_success" time="0.367" /><testcase classname="tests.backend_test.TestCRUD" name="test_delete_course" time="0.432" /><testcase classname="tests.backend_test.TestAuth" name="test_login_wrong_password" time="0.124" /><testcase classname="tests.backend_test.TestMisc" name="test_states" time="0.128" /><testcase classname="tests.backend_test.TestMisc" name="test_popular_cities" time="0.276" /><testcase classname="tests.backend_test.TestMisc" name="test_content" time="0.120" /><testcase classname="tests.backend_test.TestAuth" name="test_me_with_token" time="0.532" /><testcase classname="tests.backend_test.TestAuth" name="test_me_without_token" time="0.117" /><testcase classname="tests.backend_test.TestContentUpdate" name="test_update_content" time="0.611" /></testsuite></testsuites>